Traceback (most recent call last):
  File "/global/homes/s/seanjx/gigalens/testetc/nanolens.py", line 13, in <module>
Traceback (most recent call last):
  File "/global/homes/s/seanjx/gigalens/testetc/nanolens.py", line 13, in <module>
    from gigalens.jax.inference import ModellingSequence
  File "/global/homes/s/seanjx/gigalens/srctest/gigalens/jax/inference.py", line 4, in <module>
Traceback (most recent call last):
  File "/global/homes/s/seanjx/gigalens/testetc/nanolens.py", line 13, in <module>
    from gigalens.jax.inference import ModellingSequence
  File "/global/homes/s/seanjx/gigalens/srctest/gigalens/jax/inference.py", line 4, in <module>
    from gigalens.jax.inference import ModellingSequence
  File "/global/homes/s/seanjx/gigalens/srctest/gigalens/jax/inference.py", line 4, in <module>
    import optax
ModuleNotFoundError: No module named 'optax'
    import optax
    import optax
ModuleNotFoundError: No module named 'optax'
ModuleNotFoundError: No module named 'optax'
srun: error: nid008425: task 1: Exited with exit code 1
srun: Terminating StepId=28706806.0
srun: error: nid008629: task 2: Exited with exit code 1
srun: error: nid004020: task 0: Exited with exit code 1
srun: error: nid008640: task 3: Terminated
srun: Force Terminated StepId=28706806.0
